<?xml version="1.0" encoding="UTF-8"?>
<testsuite xmlns:xsi="http://www.w3.org/2001/XMLSchema-instance" xsi:noNamespaceSchemaLocation="https://maven.apache.org/surefire/maven-surefire-plugin/xsd/surefire-test-report-3.0.xsd" version="3.0" name="group7.collision.CollisionDetectorTest" time="0.231" tests="2" errors="0" skipped="0" failures="0">
  <properties>
    <property name="sun.desktop" value="windows"/>
    <property name="awt.toolkit" value="sun.awt.windows.WToolkit"/>
    <property name="file.encoding.pkg" value="sun.io"/>
    <property name="java.specification.version" value="1.8"/>
    <property name="sun.cpu.isalist" value="amd64"/>
    <property name="sun.jnu.encoding" value="Cp1252"/>
    <property name="java.class.path" value="C:\Users\mathi\Desktop\Netbeans\Pax\Shooter\Collision\target\test-classes;C:\Users\mathi\Desktop\Netbeans\Pax\Shooter\Collision\target\classes;C:\Users\mathi\.m2\repository\org\osgi\org.osgi.core\4.3.0\org.osgi.core-4.3.0.jar;C:\Users\mathi\Desktop\Netbeans\Pax\Shooter\CommonEnemy\target\CommonEnemy-1.0-SNAPSHOT.jar;C:\Users\mathi\Desktop\Netbeans\Pax\Shooter\Common\target\Common-1.0-SNAPSHOT.jar;C:\Users\mathi\.m2\repository\org\netbeans\api\org-netbeans-api-annotations-common\RELEASE113\org-netbeans-api-annotations-common-RELEASE113.jar;C:\Users\mathi\.m2\repository\org\netbeans\api\org-openide-modules\RELEASE113\org-openide-modules-RELEASE113.jar;C:\Users\mathi\.m2\repository\org\netbeans\api\org-openide-util\RELEASE113\org-openide-util-RELEASE113.jar;C:\Users\mathi\.m2\repository\org\netbeans\api\org-openide-util-lookup\RELEASE113\org-openide-util-lookup-RELEASE113.jar;C:\Users\mathi\.m2\repository\org\netbeans\api\org-openide-util-ui\RELEASE113\org-openide-util-ui-RELEASE113.jar;C:\Users\mathi\Desktop\Netbeans\Pax\Shooter\CommonPlayer\target\CommonPlayer-1.0-SNAPSHOT.jar;C:\Users\mathi\Desktop\Netbeans\Pax\Shooter\CommonBullet\target\CommonBullet-1.0-SNAPSHOT.jar;C:\Users\mathi\.m2\repository\org\mockito\mockito-all\1.10.19\mockito-all-1.10.19.jar;C:\Users\mathi\.m2\repository\junit\junit\4.13\junit-4.13.jar;C:\Users\mathi\.m2\repository\org\hamcrest\hamcrest-core\1.3\hamcrest-core-1.3.jar;C:\Users\mathi\.m2\repository\org\mockito\mockito-core\3.1.0\mockito-core-3.1.0.jar;C:\Users\mathi\.m2\repository\net\bytebuddy\byte-buddy\1.9.10\byte-buddy-1.9.10.jar;C:\Users\mathi\.m2\repository\net\bytebuddy\byte-buddy-agent\1.9.10\byte-buddy-agent-1.9.10.jar;C:\Users\mathi\.m2\repository\org\objenesis\objenesis\2.6\objenesis-2.6.jar;"/>
    <property name="java.vm.vendor" value="Oracle Corporation"/>
    <property name="sun.arch.data.model" value="64"/>
    <property name="user.variant" value=""/>
    <property name="java.vendor.url" value="http://java.oracle.com/"/>
    <property name="user.timezone" value="Europe/Paris"/>
    <property name="user.country.format" value="DK"/>
    <property name="java.vm.specification.version" value="1.8"/>
    <property name="os.name" value="Windows 10"/>
    <property name="sun.java.launcher" value="SUN_STANDARD"/>
    <property name="user.country" value="US"/>
    <property name="sun.boot.library.path" value="C:\Program Files\Java\jdk1.8.0_241\jre\bin"/>
    <property name="sun.java.command" value="C:\Users\mathi\AppData\Local\Temp\surefire3314054818928834810\surefirebooter952486495797645949.jar C:\Users\mathi\AppData\Local\Temp\surefire3314054818928834810 2020-05-26T17-08-10_080-jvmRun1 surefire5847498943397488643tmp surefire_05032567586918919818tmp"/>
    <property name="surefire.test.class.path" value="C:\Users\mathi\Desktop\Netbeans\Pax\Shooter\Collision\target\test-classes;C:\Users\mathi\Desktop\Netbeans\Pax\Shooter\Collision\target\classes;C:\Users\mathi\.m2\repository\org\osgi\org.osgi.core\4.3.0\org.osgi.core-4.3.0.jar;C:\Users\mathi\Desktop\Netbeans\Pax\Shooter\CommonEnemy\target\CommonEnemy-1.0-SNAPSHOT.jar;C:\Users\mathi\Desktop\Netbeans\Pax\Shooter\Common\target\Common-1.0-SNAPSHOT.jar;C:\Users\mathi\.m2\repository\org\netbeans\api\org-netbeans-api-annotations-common\RELEASE113\org-netbeans-api-annotations-common-RELEASE113.jar;C:\Users\mathi\.m2\repository\org\netbeans\api\org-openide-modules\RELEASE113\org-openide-modules-RELEASE113.jar;C:\Users\mathi\.m2\repository\org\netbeans\api\org-openide-util\RELEASE113\org-openide-util-RELEASE113.jar;C:\Users\mathi\.m2\repository\org\netbeans\api\org-openide-util-lookup\RELEASE113\org-openide-util-lookup-RELEASE113.jar;C:\Users\mathi\.m2\repository\org\netbeans\api\org-openide-util-ui\RELEASE113\org-openide-util-ui-RELEASE113.jar;C:\Users\mathi\Desktop\Netbeans\Pax\Shooter\CommonPlayer\target\CommonPlayer-1.0-SNAPSHOT.jar;C:\Users\mathi\Desktop\Netbeans\Pax\Shooter\CommonBullet\target\CommonBullet-1.0-SNAPSHOT.jar;C:\Users\mathi\.m2\repository\org\mockito\mockito-all\1.10.19\mockito-all-1.10.19.jar;C:\Users\mathi\.m2\repository\junit\junit\4.13\junit-4.13.jar;C:\Users\mathi\.m2\repository\org\hamcrest\hamcrest-core\1.3\hamcrest-core-1.3.jar;C:\Users\mathi\.m2\repository\org\mockito\mockito-core\3.1.0\mockito-core-3.1.0.jar;C:\Users\mathi\.m2\repository\net\bytebuddy\byte-buddy\1.9.10\byte-buddy-1.9.10.jar;C:\Users\mathi\.m2\repository\net\bytebuddy\byte-buddy-agent\1.9.10\byte-buddy-agent-1.9.10.jar;C:\Users\mathi\.m2\repository\org\objenesis\objenesis\2.6\objenesis-2.6.jar;"/>
    <property name="sun.cpu.endian" value="little"/>
    <property name="user.home" value="C:\Users\mathi"/>
    <property name="user.language" value="en"/>
    <property name="java.specification.vendor" value="Oracle Corporation"/>
    <property name="java.home" value="C:\Program Files\Java\jdk1.8.0_241\jre"/>
    <property name="basedir" value="C:\Users\mathi\Desktop\Netbeans\Pax\Shooter\Collision"/>
    <property name="file.separator" value="\"/>
    <property name="line.separator" value="&#10;"/>
    <property name="java.vm.specification.vendor" value="Oracle Corporation"/>
    <property name="java.specification.name" value="Java Platform API Specification"/>
    <property name="java.awt.graphicsenv" value="sun.awt.Win32GraphicsEnvironment"/>
    <property name="surefire.real.class.path" value="C:\Users\mathi\AppData\Local\Temp\surefire3314054818928834810\surefirebooter952486495797645949.jar"/>
    <property name="sun.boot.class.path" value="C:\Program Files\Java\jdk1.8.0_241\jre\lib\resources.jar;C:\Program Files\Java\jdk1.8.0_241\jre\lib\rt.jar;C:\Program Files\Java\jdk1.8.0_241\jre\lib\sunrsasign.jar;C:\Program Files\Java\jdk1.8.0_241\jre\lib\jsse.jar;C:\Program Files\Java\jdk1.8.0_241\jre\lib\jce.jar;C:\Program Files\Java\jdk1.8.0_241\jre\lib\charsets.jar;C:\Program Files\Java\jdk1.8.0_241\jre\lib\jfr.jar;C:\Program Files\Java\jdk1.8.0_241\jre\classes"/>
    <property name="user.script" value=""/>
    <property name="sun.management.compiler" value="HotSpot 64-Bit Tiered Compilers"/>
    <property name="java.runtime.version" value="1.8.0_241-b07"/>
    <property name="user.name" value="mathi"/>
    <property name="path.separator" value=";"/>
    <property name="os.version" value="10.0"/>
    <property name="java.endorsed.dirs" value="C:\Program Files\Java\jdk1.8.0_241\jre\lib\endorsed"/>
    <property name="java.runtime.name" value="Java(TM) SE Runtime Environment"/>
    <property name="file.encoding" value="Cp1252"/>
    <property name="java.vm.name" value="Java HotSpot(TM) 64-Bit Server VM"/>
    <property name="maven.ext.class.path" value="C:\Program Files\NetBeans-11.3\netbeans\java\maven-nblib\netbeans-eventspy.jar"/>
    <property name="localRepository" value="C:\Users\mathi\.m2\repository"/>
    <property name="java.vendor.url.bug" value="http://bugreport.sun.com/bugreport/"/>
    <property name="java.io.tmpdir" value="C:\Users\mathi\AppData\Local\Temp\"/>
    <property name="java.version" value="1.8.0_241"/>
    <property name="user.dir" value="C:\Users\mathi\Desktop\Netbeans\Pax\Shooter\Collision"/>
    <property name="os.arch" value="amd64"/>
    <property name="java.vm.specification.name" value="Java Virtual Machine Specification"/>
    <property name="java.awt.printerjob" value="sun.awt.windows.WPrinterJob"/>
    <property name="sun.os.patch.level" value=""/>
    <property name="java.library.path" value="C:\Program Files\Java\jdk1.8.0_241\jre\bin;C:\WINDOWS\Sun\Java\bin;C:\WINDOWS\system32;C:\WINDOWS;C:\Program Files (x86)\Razer\ChromaBroadcast\bin;C:\Program Files\Razer\ChromaBroadcast\bin;C:\Program Files\AdoptOpenJDK\jdk-13.0.2.8-hotspot\bin;C:\Program Files\AdoptOpenJDK\jdk-8.0.242.08-hotspot\bin;C:\Windows\Microsoft.NET\Framework\v4.0.30319\;C:\Program Files (x86)\Common Files\Oracle\Java\javapath;C:\WINDOWS\system32;C:\WINDOWS;C:\WINDOWS\System32\Wbem;C:\WINDOWS\System32\WindowsPowerShell\v1.0\;C:\WINDOWS\System32\OpenSSH\;C:\Program Files\dotnet\;C:\Program Files\Microsoft SQL Server\130\Tools\Binn\;C:\Program Files\Microsoft SQL Server\Client SDK\ODBC\170\Tools\Binn\;C:\Program Files\NVIDIA Corporation\NVIDIA NvDLISR;C:\Program Files (x86)\NVIDIA Corporation\PhysX\Common;C:\Program Files\PuTTY\;C:\Program Files (x86)\QuickTime\QTSystem\;C:\Users\mathi\AppData\Local\Microsoft\WindowsApps;C:\Users\mathi\AppData\Local\atom\bin;C:\Program Files\apache-maven-3.6.3-bin\apache-maven-3.6.3\bin;C:\Program Files\Java\jre1.8.0_241\bin;C:\Users\mathi\AppData\Local\atom\bin;."/>
    <property name="java.vm.info" value="mixed mode"/>
    <property name="java.vendor" value="Oracle Corporation"/>
    <property name="java.vm.version" value="25.241-b07"/>
    <property name="java.ext.dirs" value="C:\Program Files\Java\jdk1.8.0_241\jre\lib\ext;C:\WINDOWS\Sun\Java\lib\ext"/>
    <property name="sun.io.unicode.encoding" value="UnicodeLittle"/>
    <property name="java.class.version" value="52.0"/>
  </properties>
  <testcase name="testEnemyRemoved" classname="group7.collision.CollisionDetectorTest" time="0.171"/>
  <testcase name="testCircleCollision" classname="group7.collision.CollisionDetectorTest" time="0"/>
</testsuite>