<?xml version="1.0" encoding="UTF-8"?>
<testsuite xmlns:xsi="http://www.w3.org/2001/XMLSchema-instance" xsi:noNamespaceSchemaLocation="https://maven.apache.org/surefire/maven-surefire-plugin/xsd/surefire-test-report-3.0.xsd" version="3.0" name="group7.collision.CollisionDetectorTest" time="0.183" tests="1" errors="1" skipped="0" failures="0">
  <properties>
    <property name="sun.desktop" value="windows"/>
    <property name="awt.toolkit" value="sun.awt.windows.WToolkit"/>
    <property name="file.encoding.pkg" value="sun.io"/>
    <property name="java.specification.version" value="1.8"/>
    <property name="sun.cpu.isalist" value="amd64"/>
    <property name="sun.jnu.encoding" value="Cp1252"/>
    <property name="java.class.path" value="C:\Users\Daniel\Documents\GitHub\4.sem\projekt\Pax\PaxTest\Pax\PaxAsteroids\Collision\target\test-classes;C:\Users\Daniel\Documents\GitHub\4.sem\projekt\Pax\PaxTest\Pax\PaxAsteroids\Collision\target\classes;C:\Users\Daniel\.m2\repository\org\osgi\org.osgi.core\4.3.0\org.osgi.core-4.3.0.jar;C:\Users\Daniel\.m2\repository\group7\CommonEnemy\1.0-SNAPSHOT\CommonEnemy-1.0-SNAPSHOT.jar;C:\Users\Daniel\.m2\repository\group7\build\Common\1.0-SNAPSHOT\Common-1.0-SNAPSHOT.jar;C:\Users\Daniel\.m2\repository\org\netbeans\api\org-netbeans-api-annotations-common\RELEASE113\org-netbeans-api-annotations-common-RELEASE113.jar;C:\Users\Daniel\.m2\repository\org\netbeans\api\org-openide-modules\RELEASE113\org-openide-modules-RELEASE113.jar;C:\Users\Daniel\.m2\repository\org\netbeans\api\org-openide-util\RELEASE113\org-openide-util-RELEASE113.jar;C:\Users\Daniel\.m2\repository\org\netbeans\api\org-openide-util-lookup\RELEASE113\org-openide-util-lookup-RELEASE113.jar;C:\Users\Daniel\.m2\repository\org\netbeans\api\org-openide-util-ui\RELEASE113\org-openide-util-ui-RELEASE113.jar;C:\Users\Daniel\.m2\repository\group7\CommonPlayer\1.0-SNAPSHOT\CommonPlayer-1.0-SNAPSHOT.jar;C:\Users\Daniel\.m2\repository\group7\CommonBullet\1.0-SNAPSHOT\CommonBullet-1.0-SNAPSHOT.jar;C:\Users\Daniel\.m2\repository\org\mockito\mockito-all\1.10.19\mockito-all-1.10.19.jar;C:\Users\Daniel\.m2\repository\junit\junit\4.13\junit-4.13.jar;C:\Users\Daniel\.m2\repository\org\hamcrest\hamcrest-core\1.3\hamcrest-core-1.3.jar;C:\Users\Daniel\.m2\repository\org\mockito\mockito-core\3.1.0\mockito-core-3.1.0.jar;C:\Users\Daniel\.m2\repository\net\bytebuddy\byte-buddy\1.9.10\byte-buddy-1.9.10.jar;C:\Users\Daniel\.m2\repository\net\bytebuddy\byte-buddy-agent\1.9.10\byte-buddy-agent-1.9.10.jar;C:\Users\Daniel\.m2\repository\org\objenesis\objenesis\2.6\objenesis-2.6.jar;"/>
    <property name="java.vm.vendor" value="Oracle Corporation"/>
    <property name="sun.arch.data.model" value="64"/>
    <property name="user.variant" value=""/>
    <property name="java.vendor.url" value="http://java.oracle.com/"/>
    <property name="user.timezone" value="Europe/Paris"/>
    <property name="java.vm.specification.version" value="1.8"/>
    <property name="os.name" value="Windows 10"/>
    <property name="sun.java.launcher" value="SUN_STANDARD"/>
    <property name="user.country" value="DK"/>
    <property name="sun.boot.library.path" value="C:\Program Files\Java\jdk1.8.0_181\jre\bin"/>
    <property name="sun.java.command" value="C:\Users\Daniel\AppData\Local\Temp\surefire6376533132554385301\surefirebooter6888581718963308991.jar C:\Users\Daniel\AppData\Local\Temp\surefire6376533132554385301 2020-05-16T13-28-17_066-jvmRun1 surefire8923979396568375656tmp surefire_09008238060224958850tmp"/>
    <property name="test" value="group7.collision.CollisionDetectorTest"/>
    <property name="surefire.test.class.path" value="C:\Users\Daniel\Documents\GitHub\4.sem\projekt\Pax\PaxTest\Pax\PaxAsteroids\Collision\target\test-classes;C:\Users\Daniel\Documents\GitHub\4.sem\projekt\Pax\PaxTest\Pax\PaxAsteroids\Collision\target\classes;C:\Users\Daniel\.m2\repository\org\osgi\org.osgi.core\4.3.0\org.osgi.core-4.3.0.jar;C:\Users\Daniel\.m2\repository\group7\CommonEnemy\1.0-SNAPSHOT\CommonEnemy-1.0-SNAPSHOT.jar;C:\Users\Daniel\.m2\repository\group7\build\Common\1.0-SNAPSHOT\Common-1.0-SNAPSHOT.jar;C:\Users\Daniel\.m2\repository\org\netbeans\api\org-netbeans-api-annotations-common\RELEASE113\org-netbeans-api-annotations-common-RELEASE113.jar;C:\Users\Daniel\.m2\repository\org\netbeans\api\org-openide-modules\RELEASE113\org-openide-modules-RELEASE113.jar;C:\Users\Daniel\.m2\repository\org\netbeans\api\org-openide-util\RELEASE113\org-openide-util-RELEASE113.jar;C:\Users\Daniel\.m2\repository\org\netbeans\api\org-openide-util-lookup\RELEASE113\org-openide-util-lookup-RELEASE113.jar;C:\Users\Daniel\.m2\repository\org\netbeans\api\org-openide-util-ui\RELEASE113\org-openide-util-ui-RELEASE113.jar;C:\Users\Daniel\.m2\repository\group7\CommonPlayer\1.0-SNAPSHOT\CommonPlayer-1.0-SNAPSHOT.jar;C:\Users\Daniel\.m2\repository\group7\CommonBullet\1.0-SNAPSHOT\CommonBullet-1.0-SNAPSHOT.jar;C:\Users\Daniel\.m2\repository\org\mockito\mockito-all\1.10.19\mockito-all-1.10.19.jar;C:\Users\Daniel\.m2\repository\junit\junit\4.13\junit-4.13.jar;C:\Users\Daniel\.m2\repository\org\hamcrest\hamcrest-core\1.3\hamcrest-core-1.3.jar;C:\Users\Daniel\.m2\repository\org\mockito\mockito-core\3.1.0\mockito-core-3.1.0.jar;C:\Users\Daniel\.m2\repository\net\bytebuddy\byte-buddy\1.9.10\byte-buddy-1.9.10.jar;C:\Users\Daniel\.m2\repository\net\bytebuddy\byte-buddy-agent\1.9.10\byte-buddy-agent-1.9.10.jar;C:\Users\Daniel\.m2\repository\org\objenesis\objenesis\2.6\objenesis-2.6.jar;"/>
    <property name="sun.cpu.endian" value="little"/>
    <property name="user.home" value="C:\Users\Daniel"/>
    <property name="user.language" value="da"/>
    <property name="java.specification.vendor" value="Oracle Corporation"/>
    <property name="java.home" value="C:\Program Files\Java\jdk1.8.0_181\jre"/>
    <property name="basedir" value="C:\Users\Daniel\Documents\GitHub\4.sem\projekt\Pax\PaxTest\Pax\PaxAsteroids\Collision"/>
    <property name="file.separator" value="\"/>
    <property name="line.separator" value="&#10;"/>
    <property name="java.vm.specification.vendor" value="Oracle Corporation"/>
    <property name="java.specification.name" value="Java Platform API Specification"/>
    <property name="java.awt.graphicsenv" value="sun.awt.Win32GraphicsEnvironment"/>
    <property name="surefire.real.class.path" value="C:\Users\Daniel\AppData\Local\Temp\surefire6376533132554385301\surefirebooter6888581718963308991.jar"/>
    <property name="sun.boot.class.path" value="C:\Program Files\Java\jdk1.8.0_181\jre\lib\resources.jar;C:\Program Files\Java\jdk1.8.0_181\jre\lib\rt.jar;C:\Program Files\Java\jdk1.8.0_181\jre\lib\sunrsasign.jar;C:\Program Files\Java\jdk1.8.0_181\jre\lib\jsse.jar;C:\Program Files\Java\jdk1.8.0_181\jre\lib\jce.jar;C:\Program Files\Java\jdk1.8.0_181\jre\lib\charsets.jar;C:\Program Files\Java\jdk1.8.0_181\jre\lib\jfr.jar;C:\Program Files\Java\jdk1.8.0_181\jre\classes"/>
    <property name="user.script" value=""/>
    <property name="sun.management.compiler" value="HotSpot 64-Bit Tiered Compilers"/>
    <property name="java.runtime.version" value="1.8.0_181-b13"/>
    <property name="user.name" value="Daniel"/>
    <property name="path.separator" value=";"/>
    <property name="os.version" value="10.0"/>
    <property name="java.endorsed.dirs" value="C:\Program Files\Java\jdk1.8.0_181\jre\lib\endorsed"/>
    <property name="java.runtime.name" value="Java(TM) SE Runtime Environment"/>
    <property name="file.encoding" value="Cp1252"/>
    <property name="java.vm.name" value="Java HotSpot(TM) 64-Bit Server VM"/>
    <property name="maven.ext.class.path" value="C:\Program Files\NetBeans-11.2\netbeans\java\maven-nblib\netbeans-eventspy.jar"/>
    <property name="localRepository" value="C:\Users\Daniel\.m2\repository"/>
    <property name="java.vendor.url.bug" value="http://bugreport.sun.com/bugreport/"/>
    <property name="java.io.tmpdir" value="C:\Users\Daniel\AppData\Local\Temp\"/>
    <property name="java.version" value="1.8.0_181"/>
    <property name="user.dir" value="C:\Users\Daniel\Documents\GitHub\4.sem\projekt\Pax\PaxTest\Pax\PaxAsteroids\Collision"/>
    <property name="os.arch" value="amd64"/>
    <property name="java.vm.specification.name" value="Java Virtual Machine Specification"/>
    <property name="java.awt.printerjob" value="sun.awt.windows.WPrinterJob"/>
    <property name="sun.os.patch.level" value=""/>
    <property name="java.library.path" value="C:\Program Files\Java\jdk1.8.0_181\jre\bin;C:\WINDOWS\Sun\Java\bin;C:\WINDOWS\system32;C:\WINDOWS;C:\Program Files (x86)\Python38-32\Scripts\;C:\Program Files (x86)\Python38-32\;C:\Program Files (x86)\Common Files\Oracle\Java\javapath;C:\Program Files (x86)\Razer Chroma SDK\bin;C:\Program Files\Razer Chroma SDK\bin;C:\WINDOWS\system32;C:\WINDOWS;C:\WINDOWS\System32\Wbem;C:\WINDOWS\System32\WindowsPowerShell\v1.0\;C:\WINDOWS\System32\OpenSSH\;C:\Users\Daniel\AppData\Local\Microsoft\WindowsApps;C:\Program Files (x86)\NVIDIA Corporation\PhysX\Common;C:\Program Files\NVIDIA Corporation\NVIDIA NvDLISR;C:\WINDOWS\system32;C:\WINDOWS;C:\WINDOWS\System32\Wbem;C:\WINDOWS\System32\WindowsPowerShell\v1.0\;C:\WINDOWS\System32\OpenSSH\;C:\Program Files\dotnet\;C:\Program Files\Microsoft SQL Server\130\Tools\Binn\;C:\Program Files\Microsoft SQL Server\Client SDK\ODBC\170\Tools\Binn\;C:\Program Files\PuTTY\;C:\Program Files\nodejs\;C:\Program Files\apache-maven-3.6.3\bin;C:\Program Files\Java\jdk1.8.0_181\bin;C:\Users\Daniel\AppData\Local\Microsoft\WindowsApps;C:\Users\Daniel\AppData\Local\GitHubDesktop\bin;C:\Users\Daniel\AppData\Local\Programs\MiKTeX 2.9\miktex\bin\x64\;C:\Users\Daniel\AppData\Local\Microsoft\WindowsApps;C:\Users\Daniel\AppData\Local\atom\bin;C:\Users\Daniel\AppData\Roaming\npm;."/>
    <property name="java.vm.info" value="mixed mode"/>
    <property name="java.vendor" value="Oracle Corporation"/>
    <property name="java.vm.version" value="25.181-b13"/>
    <property name="java.ext.dirs" value="C:\Program Files\Java\jdk1.8.0_181\jre\lib\ext;C:\WINDOWS\Sun\Java\lib\ext"/>
    <property name="sun.io.unicode.encoding" value="UnicodeLittle"/>
    <property name="java.class.version" value="52.0"/>
  </properties>
  <testcase name="testProcess" classname="group7.collision.CollisionDetectorTest" time="0.132">
    <error type="java.lang.NullPointerException"><![CDATA[java.lang.NullPointerException
	at group7.collision.CollisionDetectorTest.setUp(CollisionDetectorTest.java:73)
]]></error>
  </testcase>
</testsuite>